2023-04-18 19:48:11 INFO  Log:16 - **
2023-04-18 19:48:11 INFO  Log:17 - **
2023-04-18 19:48:11 INFO  Log:18 - **This is the beginning of my test case**
2023-04-18 19:48:11 INFO  Log:31 - My test case is executing right now
2023-04-18 19:48:11 INFO  Log:36 - My test case might have some trivial issues
2023-04-18 19:48:18 INFO  Log:16 - **
2023-04-18 19:48:18 INFO  Log:17 - **
2023-04-18 19:48:18 INFO  Log:18 - **This is the beginning of my test case**
2023-04-18 19:48:18 INFO  Log:31 - My test case is executing right now
2023-04-18 19:48:18 INFO  Log:36 - My test case might have some trivial issues
2023-04-18 19:48:31 INFO  Log:31 - This test case is about to get completed
2023-04-18 19:48:31 INFO  Log:24 - ######################################
2023-04-18 19:48:31 INFO  Log:25 - ######################################
2023-04-18 19:48:31 INFO  Log:26 - #################This test case is finished#####################
2023-05-15 13:47:22 INFO  Log:16 - **
2023-05-15 13:47:22 INFO  Log:17 - **
2023-05-15 13:47:22 INFO  Log:18 - **This is the beginning of my test case**
2023-05-15 13:47:22 INFO  Log:31 - My test case is executing right now
2023-05-15 13:47:22 INFO  Log:36 - My test case might have some trivial issues
2023-05-15 13:47:31 INFO  Log:31 - This test case is about to get completed
2023-05-15 13:47:31 INFO  Log:24 - ######################################
2023-05-15 13:47:31 INFO  Log:25 - ######################################
2023-05-15 13:47:31 INFO  Log:26 - #################This test case is finished#####################
2023-05-24 20:14:00 INFO  Log:16 - **
2023-05-24 20:14:00 INFO  Log:17 - **
2023-05-24 20:14:00 INFO  Log:18 - **This is the beginning of my test case**
2023-05-24 20:14:00 INFO  Log:31 - My test case is executing right now
2023-05-24 20:14:00 INFO  Log:36 - My test case might have some trivial issues
2023-05-24 20:14:00 INFO  Log:31 - This test case is about to get completed
2023-05-24 20:14:00 INFO  Log:24 - ######################################
2023-05-24 20:14:00 INFO  Log:25 - ######################################
2023-05-24 20:14:00 INFO  Log:26 - #################This test case is finished#####################
2023-05-27 10:01:39 INFO  Log:16 - **
2023-05-27 10:01:39 INFO  Log:17 - **
2023-05-27 10:01:39 INFO  Log:18 - **This is the beginning of my test case**
2023-05-27 10:01:39 INFO  Log:31 - My test case is executing right now
2023-05-27 10:01:39 INFO  Log:36 - My test case might have some trivial issues
2023-05-27 10:01:43 INFO  Log:31 - This test case is about to get completed
2023-05-27 10:01:43 INFO  Log:24 - ######################################
2023-05-27 10:01:43 INFO  Log:25 - ######################################
2023-05-27 10:01:43 INFO  Log:26 - #################This test case is finished#####################
2023-05-27 10:02:43 INFO  Log:16 - **
2023-05-27 10:02:43 INFO  Log:17 - **
2023-05-27 10:02:43 INFO  Log:18 - **This is the beginning of my test case**
2023-05-27 10:02:43 INFO  Log:31 - My test case is executing right now
2023-05-27 10:02:43 INFO  Log:36 - My test case might have some trivial issues
2023-05-27 10:02:47 INFO  Log:31 - This test case is about to get completed
2023-05-27 10:02:47 INFO  Log:24 - ######################################
2023-05-27 10:02:47 INFO  Log:25 - ######################################
2023-05-27 10:02:47 INFO  Log:26 - #################This test case is finished#####################
2023-05-27 12:13:02 INFO  Log:16 - **
2023-05-27 12:13:02 INFO  Log:17 - **
2023-05-27 12:13:02 INFO  Log:18 - **This is the beginning of my test case**
2023-05-27 12:13:02 INFO  Log:31 - My test case is executing right now
2023-05-27 12:13:02 INFO  Log:36 - My test case might have some trivial issues
2023-05-27 12:13:06 INFO  Log:31 - This test case is about to get completed
2023-05-27 12:13:06 INFO  Log:24 - ######################################
2023-05-27 12:13:06 INFO  Log:25 - ######################################
2023-05-27 12:13:06 INFO  Log:26 - #################This test case is finished#####################
2023-05-30 20:35:33 INFO  Log:16 - **
2023-05-30 20:35:33 INFO  Log:17 - **
2023-05-30 20:35:33 INFO  Log:18 - **This is the beginning of my test case**
2023-05-30 20:35:33 INFO  Log:31 - My test case is executing right now
2023-05-30 20:35:33 INFO  Log:36 - My test case might have some trivial issues
2023-05-30 20:35:51 INFO  Log:31 - This test case is about to get completed
2023-05-30 20:35:51 INFO  Log:24 - ######################################
2023-05-30 20:35:51 INFO  Log:25 - ######################################
2023-05-30 20:35:51 INFO  Log:26 - #################This test case is finished#####################
